<?xml version="1.0" encoding="UTF-8"?>
<robot generator="Robot 3.1.2 (Python 3.8.2 on win32)" generated="20200612 17:00:28.789" rpa="false">
<suite id="s1" name="getRequest" source="C:\Users\mohammad.shaikh\PycharmProjects\TestProject\Tests\REST API Automation\getRequest.robot">
<test id="s1-t1" name="Get_WeatherInfo">
<kw name="Create Session" library="RequestsLibrary">
<doc>Create Session: create a HTTP session to a server</doc>
<arguments>
<arg>mysession</arg>
<arg>${base_url}</arg>
</arguments>
<msg timestamp="20200612 17:00:29.061" level="INFO">Creating Session using : alias=mysession, url=http://restapi.demoqa.com, headers={},                     cookies={}, auth=None, timeout=None, proxies=None, verify=False,                     debug=0 </msg>
<status status="PASS" starttime="20200612 17:00:29.060" endtime="20200612 17:00:29.061"></status>
</kw>
<kw name="Get Request" library="RequestsLibrary">
<doc>Send a GET request on the session object found using the
given `alias`</doc>
<arguments>
<arg>mysession</arg>
<arg>/utilities/weather/city/${city}</arg>
</arguments>
<assign>
<var>${response}</var>
</assign>
<msg timestamp="20200612 17:00:29.954" level="INFO">GET Request : url=http://restapi.demoqa.com/utilities/weather/city/Delhi 
 path_url=/utilities/weather/city/Delhi 
 headers={'User-Agent': 'python-requests/2.23.0', 'Accept-Encoding': 'gzip, deflate', 'Accept': '*/*', 'Connection': 'keep-alive'} 
 body=None 
 </msg>
<msg timestamp="20200612 17:00:29.954" level="INFO">GET Response : url=http://restapi.demoqa.com/utilities/weather/city/Delhi 
 status=200, reason=OK 
 body={
    "City": "Delhi",
    "Temperature": "38 Degree celsius",
    "Humidity": "35 Percent",
    "WeatherDescription": "haze",
    "WindSpeed": "2.6 Km per hour",
    "WindDirectionDegree": "50 Degree"
} 
 </msg>
<msg timestamp="20200612 17:00:29.954" level="INFO">${response} = &lt;Response [200]&gt;</msg>
<status status="PASS" starttime="20200612 17:00:29.061" endtime="20200612 17:00:29.954"></status>
</kw>
<kw name="Convert To String" library="BuiltIn">
<doc>Converts the given item to a Unicode string.</doc>
<arguments>
<arg>${response.status_code}</arg>
</arguments>
<assign>
<var>${status_code}</var>
</assign>
<msg timestamp="20200612 17:00:29.955" level="INFO">${status_code} = 200</msg>
<status status="PASS" starttime="20200612 17:00:29.955" endtime="20200612 17:00:29.955"></status>
</kw>
<kw name="Should Be Equal" library="BuiltIn">
<doc>Fails if the given objects are unequal.</doc>
<arguments>
<arg>${status_code}</arg>
<arg>200</arg>
</arguments>
<status status="PASS" starttime="20200612 17:00:29.956" endtime="20200612 17:00:29.956"></status>
</kw>
<kw name="Convert To String" library="BuiltIn">
<doc>Converts the given item to a Unicode string.</doc>
<arguments>
<arg>${response.content}</arg>
</arguments>
<assign>
<var>${body}</var>
</assign>
<msg timestamp="20200612 17:00:29.957" level="INFO">${body} = {
    "City": "Delhi",
    "Temperature": "38 Degree celsius",
    "Humidity": "35 Percent",
    "WeatherDescription": "haze",
    "WindSpeed": "2.6 Km per hour",
    "WindDirectionDegree": "50 Degree...</msg>
<status status="PASS" starttime="20200612 17:00:29.956" endtime="20200612 17:00:29.957"></status>
</kw>
<kw name="Should Contain" library="BuiltIn">
<doc>Fails if ``container`` does not contain ``item`` one or more times.</doc>
<arguments>
<arg>${body}</arg>
<arg>Delhi</arg>
</arguments>
<status status="PASS" starttime="20200612 17:00:29.957" endtime="20200612 17:00:29.958"></status>
</kw>
<kw name="Get From Dictionary" library="Collections">
<doc>Returns a value from the given ``dictionary`` based on the given ``key``.</doc>
<arguments>
<arg>${response.headers}</arg>
<arg>Content-Type</arg>
</arguments>
<assign>
<var>${content type value}</var>
</assign>
<msg timestamp="20200612 17:00:29.958" level="INFO">${content type value} = application/json</msg>
<status status="PASS" starttime="20200612 17:00:29.958" endtime="20200612 17:00:29.958"></status>
</kw>
<kw name="Should Be Equal" library="BuiltIn">
<doc>Fails if the given objects are unequal.</doc>
<arguments>
<arg>${content type value}</arg>
<arg>application/json</arg>
</arguments>
<status status="PASS" starttime="20200612 17:00:29.959" endtime="20200612 17:00:29.959"></status>
</kw>
<status status="PASS" starttime="20200612 17:00:29.060" endtime="20200612 17:00:29.959" critical="yes"></status>
</test>
<doc>Souq - Product Search and Adding to WatchList</doc>
<status status="PASS" starttime="20200612 17:00:28.793" endtime="20200612 17:00:29.960"></status>
</suite>
<statistics>
<total>
<stat pass="1" fail="0">Critical Tests</stat>
<stat pass="1" fail="0">All Tests</stat>
</total>
<tag>
</tag>
<suite>
<stat pass="1" fail="0" id="s1" name="getRequest">getRequest</stat>
</suite>
</statistics>
<errors>
</errors>
</robot>
