<?xml version="1.0" encoding="UTF-8"?>
<robot generator="Robot 3.1.2 (Python 3.8.2 on win32)" generated="20200622 18:51:21.450" rpa="false">
<suite id="s1" name="Highlighter" source="C:\Users\mohammad.shaikh\PycharmProjects\TestProject\Tests\Highlighter.robot">
<test id="s1-t1" name="Test Highlight">
<kw name="Open Browser" library="SeleniumLibrary">
<doc>Opens a new browser instance to the given ``url``.</doc>
<arguments>
<arg>https://www.google.com</arg>
<arg>chrome</arg>
</arguments>
<msg timestamp="20200622 18:51:21.742" level="INFO">Opening browser 'chrome' to base url 'https://www.google.com'.</msg>
<status status="PASS" starttime="20200622 18:51:21.742" endtime="20200622 18:51:27.669"></status>
</kw>
<kw name="Maximize Browser Window" library="SeleniumLibrary">
<doc>Maximizes current browser window.</doc>
<status status="PASS" starttime="20200622 18:51:27.669" endtime="20200622 18:51:28.821"></status>
</kw>
<kw name="Set Browser Implicit Wait" library="SeleniumLibrary">
<doc>Sets the implicit wait value used by Selenium.</doc>
<arguments>
<arg>5</arg>
</arguments>
<status status="PASS" starttime="20200622 18:51:28.821" endtime="20200622 18:51:28.823"></status>
</kw>
<kw name="Highlight" library="PythonFunctions">
<doc>Highlights (blinks) a Selenium Webdriver element</doc>
<arguments>
<arg>${googleSearch}</arg>
</arguments>
<msg timestamp="20200622 18:51:28.825" level="FAIL">AttributeError: 'str' object has no attribute 'get_attribute'</msg>
<status status="FAIL" starttime="20200622 18:51:28.823" endtime="20200622 18:51:28.825"></status>
</kw>
<status status="FAIL" starttime="20200622 18:51:21.741" endtime="20200622 18:51:28.826" critical="yes">AttributeError: 'str' object has no attribute 'get_attribute'</status>
</test>
<status status="FAIL" starttime="20200622 18:51:21.452" endtime="20200622 18:51:28.830"></status>
</suite>
<statistics>
<total>
<stat pass="0" fail="1">Critical Tests</stat>
<stat pass="0" fail="1">All Tests</stat>
</total>
<tag>
</tag>
<suite>
<stat pass="0" fail="1" id="s1" name="Highlighter">Highlighter</stat>
</suite>
</statistics>
<errors>
</errors>
</robot>
