<?xml version="1.0" encoding="UTF-8"?>
<robot generator="Robot 3.1.2 (Python 3.8.2 on win32)" generated="20200611 20:37:40.349" rpa="false">
<suite id="s1" name="Suites">
<suite id="s1-s1" name="Souq Product Search2" source="C:\Users\mohammad.shaikh\PycharmProjects\TestProject\Tests\Souq Product Search2.Robot">
<test id="s1-s1-t1" name="Verify basic search functionality">
<kw name="Open Browser" library="SeleniumLibrary">
<doc>Opens a new browser instance to the given ``url``.</doc>
<arguments>
<arg>https://saudi.souq.com/sa-en/</arg>
<arg>chrome</arg>
</arguments>
<msg timestamp="20200611 20:37:41.219" level="INFO">Opening browser 'chrome' to base url 'https://saudi.souq.com/sa-en/'.</msg>
<status status="PASS" starttime="20200611 20:37:41.219" endtime="20200611 20:38:03.414"></status>
</kw>
<kw name="Set Window Size" library="SeleniumLibrary">
<doc>Sets current windows size to given ``width`` and ``height``.</doc>
<arguments>
<arg>697</arg>
<arg>735</arg>
</arguments>
<status status="PASS" starttime="20200611 20:38:03.414" endtime="20200611 20:38:05.313"></status>
</kw>
<kw name="Set Window Position" library="SeleniumLibrary">
<doc>Sets window position using ``x`` and ``y`` coordinates.</doc>
<arguments>
<arg>637</arg>
<arg>0</arg>
</arguments>
<status status="PASS" starttime="20200611 20:38:05.314" endtime="20200611 20:38:06.012"></status>
</kw>
<kw name="Sleep" library="BuiltIn">
<doc>Pauses the test executed for the given time.</doc>
<arguments>
<arg>1s</arg>
</arguments>
<msg timestamp="20200611 20:38:07.014" level="INFO">Slept 1 second</msg>
<status status="PASS" starttime="20200611 20:38:06.013" endtime="20200611 20:38:07.014"></status>
</kw>
<kw name="Set Focus To Element" library="SeleniumLibrary">
<doc>Sets the focus to the element identified by ``locator``.</doc>
<arguments>
<arg>//input[@id='search_value']</arg>
</arguments>
<status status="PASS" starttime="20200611 20:38:07.014" endtime="20200611 20:38:07.144"></status>
</kw>
<kw name="Input Text" library="SeleniumLibrary">
<doc>Types the given ``text`` into the text field identified by ``locator``.</doc>
<arguments>
<arg>//input[@id='search_value']</arg>
<arg>Mac Book</arg>
</arguments>
<msg timestamp="20200611 20:38:07.145" level="INFO">Typing text 'Mac Book' into text field '//input[@id='search_value']'.</msg>
<status status="PASS" starttime="20200611 20:38:07.144" endtime="20200611 20:38:07.379"></status>
</kw>
<kw name="Click Element" library="SeleniumLibrary">
<doc>Click the element identified by ``locator``.</doc>
<arguments>
<arg>//button[@id='searchButton']</arg>
</arguments>
<msg timestamp="20200611 20:38:07.379" level="INFO">Clicking element '//button[@id='searchButton']'.</msg>
<status status="PASS" starttime="20200611 20:38:07.379" endtime="20200611 20:38:10.988"></status>
</kw>
<kw name="Sleep" library="BuiltIn">
<doc>Pauses the test executed for the given time.</doc>
<arguments>
<arg>1s</arg>
</arguments>
<msg timestamp="20200611 20:38:11.990" level="INFO">Slept 1 second</msg>
<status status="PASS" starttime="20200611 20:38:10.989" endtime="20200611 20:38:11.990"></status>
</kw>
<kw name="Set Focus To Element" library="SeleniumLibrary">
<doc>Sets the focus to the element identified by ``locator``.</doc>
<arguments>
<arg>//div[@class='row collapse content medium-up-1 tpl-append-results']//div[1]//div[2]//a[1]//h1[1]</arg>
</arguments>
<status status="PASS" starttime="20200611 20:38:11.990" endtime="20200611 20:38:12.251"></status>
</kw>
<kw name="Click Element" library="SeleniumLibrary">
<doc>Click the element identified by ``locator``.</doc>
<arguments>
<arg>//div[@class='row collapse content medium-up-1 tpl-append-results']//div[1]//div[2]//a[1]//h1[1]</arg>
</arguments>
<msg timestamp="20200611 20:38:12.251" level="INFO">Clicking element '//div[@class='row collapse content medium-up-1 tpl-append-results']//div[1]//div[2]//a[1]//h1[1]'.</msg>
<status status="PASS" starttime="20200611 20:38:12.251" endtime="20200611 20:38:17.339"></status>
</kw>
<kw name="Sleep" library="BuiltIn">
<doc>Pauses the test executed for the given time.</doc>
<arguments>
<arg>1s</arg>
</arguments>
<msg timestamp="20200611 20:38:18.341" level="INFO">Slept 1 second</msg>
<status status="PASS" starttime="20200611 20:38:17.339" endtime="20200611 20:38:18.341"></status>
</kw>
<kw name="Set Focus To Element" library="SeleniumLibrary">
<doc>Sets the focus to the element identified by ``locator``.</doc>
<arguments>
<arg>//input[contains(@class,'cta button green-button text-center add-to-cart-button for-single-item ')]</arg>
</arguments>
<status status="PASS" starttime="20200611 20:38:18.341" endtime="20200611 20:38:19.873"></status>
</kw>
<kw name="Click Element" library="SeleniumLibrary">
<doc>Click the element identified by ``locator``.</doc>
<arguments>
<arg>//input[contains(@class,'cta button green-button text-center add-to-cart-button for-single-item')]</arg>
</arguments>
<msg timestamp="20200611 20:38:19.874" level="INFO">Clicking element '//input[contains(@class,'cta button green-button text-center add-to-cart-button for-single-item')]'.</msg>
<status status="PASS" starttime="20200611 20:38:19.874" endtime="20200611 20:38:23.064"></status>
</kw>
<kw name="Sleep" library="BuiltIn">
<doc>Pauses the test executed for the given time.</doc>
<arguments>
<arg>3s</arg>
</arguments>
<msg timestamp="20200611 20:38:26.067" level="INFO">Slept 3 seconds</msg>
<status status="PASS" starttime="20200611 20:38:23.066" endtime="20200611 20:38:26.067"></status>
</kw>
<kw name="Close Browser" library="SeleniumLibrary">
<doc>Closes the current browser.</doc>
<status status="PASS" starttime="20200611 20:38:26.067" endtime="20200611 20:38:28.528"></status>
</kw>
<doc>This test case performs the basic search</doc>
<tags>
<tag>Functional</tag>
</tags>
<status status="PASS" starttime="20200611 20:37:41.217" endtime="20200611 20:38:28.529" critical="yes"></status>
</test>
<doc>Basic WebElements Automation Robot Framework</doc>
<status status="PASS" starttime="20200611 20:37:40.419" endtime="20200611 20:38:28.531"></status>
</suite>
<status status="PASS" starttime="20200611 20:37:40.351" endtime="20200611 20:38:28.536"></status>
</suite>
<statistics>
<total>
<stat pass="1" fail="0">Critical Tests</stat>
<stat pass="1" fail="0">All Tests</stat>
</total>
<tag>
<stat pass="1" fail="0">Functional</stat>
</tag>
<suite>
<stat pass="1" fail="0" id="s1" name="Suites">Suites</stat>
<stat pass="1" fail="0" id="s1-s1" name="Souq Product Search2">Suites.Souq Product Search2</stat>
</suite>
</statistics>
<errors>
</errors>
</robot>
