<?xml version="1.0" encoding="UTF-8"?>
<robot generator="Robot 3.1.2 (Python 3.8.2 on win32)" generated="20200621 20:07:41.596" rpa="false">
<suite id="s1" name="Suites">
<suite id="s1-s1" name="Souq Product Search2" source="C:\Users\mohammad.shaikh\PycharmProjects\TestProject\Tests\Souq Product Search2.Robot">
<test id="s1-s1-t1" name="Verify basic search functionality">
<kw name="Open Browser" library="SeleniumLibrary">
<doc>Opens a new browser instance to the given ``url``.</doc>
<arguments>
<arg>https://saudi.souq.com/sa-en/</arg>
<arg>chrome</arg>
</arguments>
<msg timestamp="20200621 20:07:41.935" level="INFO">Opening browser 'chrome' to base url 'https://saudi.souq.com/sa-en/'.</msg>
<status status="PASS" starttime="20200621 20:07:41.934" endtime="20200621 20:07:49.531"></status>
</kw>
<kw name="Set Browser Implicit Wait" library="SeleniumLibrary">
<doc>Sets the implicit wait value used by Selenium.</doc>
<arguments>
<arg>5</arg>
</arguments>
<status status="PASS" starttime="20200621 20:07:49.532" endtime="20200621 20:07:49.534"></status>
</kw>
<kw name="Set Window Size" library="SeleniumLibrary">
<doc>Sets current windows size to given ``width`` and ``height``.</doc>
<arguments>
<arg>697</arg>
<arg>735</arg>
</arguments>
<status status="PASS" starttime="20200621 20:07:49.534" endtime="20200621 20:07:51.392"></status>
</kw>
<kw name="Set Window Position" library="SeleniumLibrary">
<doc>Sets window position using ``x`` and ``y`` coordinates.</doc>
<arguments>
<arg>637</arg>
<arg>0</arg>
</arguments>
<status status="PASS" starttime="20200621 20:07:51.393" endtime="20200621 20:07:52.419"></status>
</kw>
<kw name="Scroll Element Into View" library="SeleniumLibrary">
<doc>Scrolls the element identified by ``locator`` into view.</doc>
<arguments>
<arg>//a[@id='visitAmazonAe']</arg>
</arguments>
<status status="PASS" starttime="20200621 20:07:52.419" endtime="20200621 20:07:52.747"></status>
</kw>
<kw name="Click Element" library="SeleniumLibrary">
<doc>Click the element identified by ``locator``.</doc>
<arguments>
<arg>//a[@id='visitAmazonAe']</arg>
</arguments>
<msg timestamp="20200621 20:07:52.748" level="INFO">Clicking element '//a[@id='visitAmazonAe']'.</msg>
<status status="PASS" starttime="20200621 20:07:52.747" endtime="20200621 20:07:52.857"></status>
</kw>
<kw name="Scroll Element Into View" library="SeleniumLibrary">
<doc>Scrolls the element identified by ``locator`` into view.</doc>
<arguments>
<arg>//input[@id='twotabsearchtextbox']</arg>
</arguments>
<status status="PASS" starttime="20200621 20:07:52.857" endtime="20200621 20:08:01.504"></status>
</kw>
<kw name="Input Text" library="SeleniumLibrary">
<doc>Types the given ``text`` into the text field identified by ``locator``.</doc>
<arguments>
<arg>//input[@id='twotabsearchtextbox']</arg>
<arg>Mac Book</arg>
</arguments>
<msg timestamp="20200621 20:08:01.504" level="INFO">Typing text 'Mac Book' into text field '//input[@id='twotabsearchtextbox']'.</msg>
<status status="PASS" starttime="20200621 20:08:01.504" endtime="20200621 20:08:02.850"></status>
</kw>
<kw name="Click Element" library="SeleniumLibrary">
<doc>Click the element identified by ``locator``.</doc>
<arguments>
<arg>//div[@class='nav-search-submit nav-sprite']//input[@class='nav-input']</arg>
</arguments>
<msg timestamp="20200621 20:08:02.851" level="INFO">Clicking element '//div[@class='nav-search-submit nav-sprite']//input[@class='nav-input']'.</msg>
<status status="PASS" starttime="20200621 20:08:02.851" endtime="20200621 20:08:06.952"></status>
</kw>
<kw name="Scroll Element Into View" library="SeleniumLibrary">
<doc>Scrolls the element identified by ``locator`` into view.</doc>
<arguments>
<arg>//span[contains(text(),'Apple MacBook Air MQD32 Laptop - Intel Core i5-1.8')]</arg>
</arguments>
<status status="PASS" starttime="20200621 20:08:06.953" endtime="20200621 20:08:07.736"></status>
</kw>
<kw name="Click Element" library="SeleniumLibrary">
<doc>Click the element identified by ``locator``.</doc>
<arguments>
<arg>//span[contains(text(),'Apple MacBook Air MQD32 Laptop - Intel Core i5-1.8')]</arg>
</arguments>
<msg timestamp="20200621 20:08:07.737" level="INFO">Clicking element '//span[contains(text(),'Apple MacBook Air MQD32 Laptop - Intel Core i5-1.8')]'.</msg>
<status status="PASS" starttime="20200621 20:08:07.736" endtime="20200621 20:08:11.018"></status>
</kw>
<kw name="Scroll Element Into View" library="SeleniumLibrary">
<doc>Scrolls the element identified by ``locator`` into view.</doc>
<arguments>
<arg>//input[@id='add-to-cart-button']</arg>
</arguments>
<status status="PASS" starttime="20200621 20:08:11.018" endtime="20200621 20:08:11.668"></status>
</kw>
<kw name="Click Element" library="SeleniumLibrary">
<doc>Click the element identified by ``locator``.</doc>
<arguments>
<arg>//input[@id='add-to-cart-button']</arg>
</arguments>
<msg timestamp="20200621 20:08:11.669" level="INFO">Clicking element '//input[@id='add-to-cart-button']'.</msg>
<status status="PASS" starttime="20200621 20:08:11.668" endtime="20200621 20:08:13.773"></status>
</kw>
<kw name="Sleep" library="BuiltIn">
<doc>Pauses the test executed for the given time.</doc>
<arguments>
<arg>2s</arg>
</arguments>
<msg timestamp="20200621 20:08:15.775" level="INFO">Slept 2 seconds</msg>
<status status="PASS" starttime="20200621 20:08:13.773" endtime="20200621 20:08:15.776"></status>
</kw>
<kw name="Close Browser" library="SeleniumLibrary">
<doc>Closes the current browser.</doc>
<status status="PASS" starttime="20200621 20:08:15.776" endtime="20200621 20:08:18.039"></status>
</kw>
<doc>This test case performs the basic search</doc>
<tags>
<tag>Functional</tag>
</tags>
<status status="PASS" starttime="20200621 20:07:41.933" endtime="20200621 20:08:18.039" critical="yes"></status>
</test>
<doc>Basic WebElements Automation Robot Framework</doc>
<status status="PASS" starttime="20200621 20:07:41.639" endtime="20200621 20:08:18.040"></status>
</suite>
<status status="PASS" starttime="20200621 20:07:41.598" endtime="20200621 20:08:18.043"></status>
</suite>
<statistics>
<total>
<stat pass="1" fail="0">Critical Tests</stat>
<stat pass="1" fail="0">All Tests</stat>
</total>
<tag>
<stat pass="1" fail="0">Functional</stat>
</tag>
<suite>
<stat pass="1" fail="0" id="s1" name="Suites">Suites</stat>
<stat pass="1" fail="0" id="s1-s1" name="Souq Product Search2">Suites.Souq Product Search2</stat>
</suite>
</statistics>
<errors>
</errors>
</robot>
