<?xml version="1.0" encoding="UTF-8"?>
<robot generator="Robot 3.1.2 (Python 3.8.2 on win32)" generated="20200618 21:15:29.438" rpa="false">
<suite id="s1" name="Suites">
<suite id="s1-s1" name="Souq Product Search1" source="C:\Users\mohammad.shaikh\PycharmProjects\TestProject\Tests\Souq Product Search1.robot">
<test id="s1-s1-t1" name="Verify basic search functionality">
<kw name="Open Browser" library="SeleniumLibrary">
<doc>Opens a new browser instance to the given ``url``.</doc>
<arguments>
<arg>https://saudi.souq.com/sa-en/</arg>
<arg>chrome</arg>
</arguments>
<msg timestamp="20200618 21:15:29.686" level="INFO">Opening browser 'chrome' to base url 'https://saudi.souq.com/sa-en/'.</msg>
<status status="PASS" starttime="20200618 21:15:29.686" endtime="20200618 21:15:35.870"></status>
</kw>
<kw name="Set Browser Implicit Wait" library="SeleniumLibrary">
<doc>Sets the implicit wait value used by Selenium.</doc>
<arguments>
<arg>5</arg>
</arguments>
<status status="PASS" starttime="20200618 21:15:35.870" endtime="20200618 21:15:35.872"></status>
</kw>
<kw name="Set Window Size" library="SeleniumLibrary">
<doc>Sets current windows size to given ``width`` and ``height``.</doc>
<arguments>
<arg>697</arg>
<arg>735</arg>
</arguments>
<status status="PASS" starttime="20200618 21:15:35.873" endtime="20200618 21:15:37.083"></status>
</kw>
<kw name="Set Window Position" library="SeleniumLibrary">
<doc>Sets window position using ``x`` and ``y`` coordinates.</doc>
<arguments>
<arg>28</arg>
<arg>0</arg>
</arguments>
<status status="PASS" starttime="20200618 21:15:37.083" endtime="20200618 21:15:37.400"></status>
</kw>
<kw name="Scroll Element Into View" library="SeleniumLibrary">
<doc>Scrolls an element identified by ``locator`` into view.</doc>
<arguments>
<arg>//a[@id='visitAmazonAe']</arg>
</arguments>
<status status="PASS" starttime="20200618 21:15:37.400" endtime="20200618 21:15:37.918"></status>
</kw>
<kw name="Click Element" library="SeleniumLibrary">
<doc>Click element identified by ``locator``.</doc>
<arguments>
<arg>//a[@id='visitAmazonAe']</arg>
</arguments>
<msg timestamp="20200618 21:15:37.919" level="INFO">Clicking element '//a[@id='visitAmazonAe']'.</msg>
<status status="PASS" starttime="20200618 21:15:37.918" endtime="20200618 21:15:38.152"></status>
</kw>
<kw name="Scroll Element Into View" library="SeleniumLibrary">
<doc>Scrolls an element identified by ``locator`` into view.</doc>
<arguments>
<arg>//input[@id='twotabsearchtextbox']</arg>
</arguments>
<status status="PASS" starttime="20200618 21:15:38.152" endtime="20200618 21:15:44.807"></status>
</kw>
<kw name="Input Text" library="SeleniumLibrary">
<doc>Types the given ``text`` into text field identified by ``locator``.</doc>
<arguments>
<arg>//input[@id='twotabsearchtextbox']</arg>
<arg>Apple iPhone 11 Pro Max</arg>
</arguments>
<msg timestamp="20200618 21:15:44.807" level="INFO">Typing text 'Apple iPhone 11 Pro Max' into text field '//input[@id='twotabsearchtextbox']'.</msg>
<status status="PASS" starttime="20200618 21:15:44.807" endtime="20200618 21:15:45.620"></status>
</kw>
<kw name="Click Element" library="SeleniumLibrary">
<doc>Click element identified by ``locator``.</doc>
<arguments>
<arg>//div[@class='nav-search-submit nav-sprite']//input[@class='nav-input']</arg>
</arguments>
<msg timestamp="20200618 21:15:45.621" level="INFO">Clicking element '//div[@class='nav-search-submit nav-sprite']//input[@class='nav-input']'.</msg>
<status status="PASS" starttime="20200618 21:15:45.621" endtime="20200618 21:15:48.901"></status>
</kw>
<kw name="Scroll Element Into View" library="SeleniumLibrary">
<doc>Scrolls an element identified by ``locator`` into view.</doc>
<arguments>
<arg>//div[@class='sg-col-inner']//div[1]//div[1]//span[1]//div[1]//div[1]//div[2]//h2[1]//a[1]//span[1]</arg>
</arguments>
<status status="PASS" starttime="20200618 21:15:48.902" endtime="20200618 21:15:49.377"></status>
</kw>
<kw name="Click Element" library="SeleniumLibrary">
<doc>Click element identified by ``locator``.</doc>
<arguments>
<arg>//div[@class='sg-col-inner']//div[1]//div[1]//span[1]//div[1]//div[1]//div[2]//h2[1]//a[1]//span[1]</arg>
</arguments>
<msg timestamp="20200618 21:15:49.378" level="INFO">Clicking element '//div[@class='sg-col-inner']//div[1]//div[1]//span[1]//div[1]//div[1]//div[2]//h2[1]//a[1]//span[1]'.</msg>
<status status="PASS" starttime="20200618 21:15:49.378" endtime="20200618 21:15:52.587"></status>
</kw>
<kw name="Scroll Element Into View" library="SeleniumLibrary">
<doc>Scrolls an element identified by ``locator`` into view.</doc>
<arguments>
<arg>//input[@id='add-to-cart-button']</arg>
</arguments>
<status status="PASS" starttime="20200618 21:15:52.587" endtime="20200618 21:15:53.065"></status>
</kw>
<kw name="Click Element" library="SeleniumLibrary">
<doc>Click element identified by ``locator``.</doc>
<arguments>
<arg>//input[@id='add-to-cart-button']</arg>
</arguments>
<msg timestamp="20200618 21:15:53.066" level="INFO">Clicking element '//input[@id='add-to-cart-button']'.</msg>
<status status="PASS" starttime="20200618 21:15:53.065" endtime="20200618 21:15:55.290"></status>
</kw>
<kw name="Sleep" library="BuiltIn">
<doc>Pauses the test executed for the given time.</doc>
<arguments>
<arg>2s</arg>
</arguments>
<msg timestamp="20200618 21:15:57.291" level="INFO">Slept 2 seconds</msg>
<status status="PASS" starttime="20200618 21:15:55.291" endtime="20200618 21:15:57.291"></status>
</kw>
<kw name="Close Browser" library="SeleniumLibrary">
<doc>Closes the current browser.</doc>
<status status="PASS" starttime="20200618 21:15:57.292" endtime="20200618 21:15:59.491"></status>
</kw>
<doc>This test case performs the basic search on a product</doc>
<tags>
<tag>Functional</tag>
</tags>
<status status="PASS" starttime="20200618 21:15:29.685" endtime="20200618 21:15:59.491" critical="yes"></status>
</test>
<doc>Souq - Product Search and Adding to WatchList</doc>
<status status="PASS" starttime="20200618 21:15:29.467" endtime="20200618 21:15:59.492"></status>
</suite>
<status status="PASS" starttime="20200618 21:15:29.439" endtime="20200618 21:15:59.494"></status>
</suite>
<statistics>
<total>
<stat pass="1" fail="0">Critical Tests</stat>
<stat pass="1" fail="0">All Tests</stat>
</total>
<tag>
<stat pass="1" fail="0">Functional</stat>
</tag>
<suite>
<stat pass="1" fail="0" id="s1" name="Suites">Suites</stat>
<stat pass="1" fail="0" id="s1-s1" name="Souq Product Search1">Suites.Souq Product Search1</stat>
</suite>
</statistics>
<errors>
</errors>
</robot>
