<?xml version="1.0" encoding="UTF-8"?>
<robot generator="Robot 3.1.2 (Python 3.8.2 on win32)" generated="20200618 21:15:29.434" rpa="false">
<suite id="s1" name="Suites">
<suite id="s1-s1" name="Souq Product Search2" source="C:\Users\mohammad.shaikh\PycharmProjects\TestProject\Tests\Souq Product Search2.Robot">
<test id="s1-s1-t1" name="Verify basic search functionality">
<kw name="Open Browser" library="SeleniumLibrary">
<doc>Opens a new browser instance to the given ``url``.</doc>
<arguments>
<arg>https://saudi.souq.com/sa-en/</arg>
<arg>chrome</arg>
</arguments>
<msg timestamp="20200618 21:15:29.685" level="INFO">Opening browser 'chrome' to base url 'https://saudi.souq.com/sa-en/'.</msg>
<status status="PASS" starttime="20200618 21:15:29.684" endtime="20200618 21:15:36.242"></status>
</kw>
<kw name="Set Browser Implicit Wait" library="SeleniumLibrary">
<doc>Sets the implicit wait value used by Selenium.</doc>
<arguments>
<arg>5</arg>
</arguments>
<status status="PASS" starttime="20200618 21:15:36.242" endtime="20200618 21:15:36.247"></status>
</kw>
<kw name="Set Window Size" library="SeleniumLibrary">
<doc>Sets current windows size to given ``width`` and ``height``.</doc>
<arguments>
<arg>697</arg>
<arg>735</arg>
</arguments>
<status status="PASS" starttime="20200618 21:15:36.247" endtime="20200618 21:15:37.526"></status>
</kw>
<kw name="Set Window Position" library="SeleniumLibrary">
<doc>Sets window position using ``x`` and ``y`` coordinates.</doc>
<arguments>
<arg>637</arg>
<arg>0</arg>
</arguments>
<status status="PASS" starttime="20200618 21:15:37.526" endtime="20200618 21:15:37.706"></status>
</kw>
<kw name="Scroll Element Into View" library="SeleniumLibrary">
<doc>Scrolls an element identified by ``locator`` into view.</doc>
<arguments>
<arg>//a[@id='visitAmazonAe']</arg>
</arguments>
<status status="PASS" starttime="20200618 21:15:37.706" endtime="20200618 21:15:38.158"></status>
</kw>
<kw name="Click Element" library="SeleniumLibrary">
<doc>Click element identified by ``locator``.</doc>
<arguments>
<arg>//a[@id='visitAmazonAe']</arg>
</arguments>
<msg timestamp="20200618 21:15:38.159" level="INFO">Clicking element '//a[@id='visitAmazonAe']'.</msg>
<status status="PASS" starttime="20200618 21:15:38.158" endtime="20200618 21:15:38.296"></status>
</kw>
<kw name="Scroll Element Into View" library="SeleniumLibrary">
<doc>Scrolls an element identified by ``locator`` into view.</doc>
<arguments>
<arg>//input[@id='twotabsearchtextbox']</arg>
</arguments>
<status status="PASS" starttime="20200618 21:15:38.297" endtime="20200618 21:15:45.113"></status>
</kw>
<kw name="Input Text" library="SeleniumLibrary">
<doc>Types the given ``text`` into text field identified by ``locator``.</doc>
<arguments>
<arg>//input[@id='twotabsearchtextbox']</arg>
<arg>Mac Book</arg>
</arguments>
<msg timestamp="20200618 21:15:45.114" level="INFO">Typing text 'Mac Book' into text field '//input[@id='twotabsearchtextbox']'.</msg>
<status status="PASS" starttime="20200618 21:15:45.114" endtime="20200618 21:15:45.470"></status>
</kw>
<kw name="Click Element" library="SeleniumLibrary">
<doc>Click element identified by ``locator``.</doc>
<arguments>
<arg>//div[@class='nav-search-submit nav-sprite']//input[@class='nav-input']</arg>
</arguments>
<msg timestamp="20200618 21:15:45.471" level="INFO">Clicking element '//div[@class='nav-search-submit nav-sprite']//input[@class='nav-input']'.</msg>
<status status="PASS" starttime="20200618 21:15:45.470" endtime="20200618 21:15:46.784"></status>
</kw>
<kw name="Scroll Element Into View" library="SeleniumLibrary">
<doc>Scrolls an element identified by ``locator`` into view.</doc>
<arguments>
<arg>//span[contains(text(),'Apple MacBook Air MQD32 Laptop - Intel Core i5-1.8')]</arg>
</arguments>
<status status="PASS" starttime="20200618 21:15:46.785" endtime="20200618 21:15:48.329"></status>
</kw>
<kw name="Click Element" library="SeleniumLibrary">
<doc>Click element identified by ``locator``.</doc>
<arguments>
<arg>//span[contains(text(),'Apple MacBook Air MQD32 Laptop - Intel Core i5-1.8')]</arg>
</arguments>
<msg timestamp="20200618 21:15:48.330" level="INFO">Clicking element '//span[contains(text(),'Apple MacBook Air MQD32 Laptop - Intel Core i5-1.8')]'.</msg>
<status status="PASS" starttime="20200618 21:15:48.330" endtime="20200618 21:15:50.216"></status>
</kw>
<kw name="Scroll Element Into View" library="SeleniumLibrary">
<doc>Scrolls an element identified by ``locator`` into view.</doc>
<arguments>
<arg>//input[@id='add-to-cart-button']</arg>
</arguments>
<status status="PASS" starttime="20200618 21:15:50.216" endtime="20200618 21:15:50.817"></status>
</kw>
<kw name="Click Element" library="SeleniumLibrary">
<doc>Click element identified by ``locator``.</doc>
<arguments>
<arg>//input[@id='add-to-cart-button']</arg>
</arguments>
<msg timestamp="20200618 21:15:50.818" level="INFO">Clicking element '//input[@id='add-to-cart-button']'.</msg>
<status status="PASS" starttime="20200618 21:15:50.818" endtime="20200618 21:15:51.326"></status>
</kw>
<kw name="Sleep" library="BuiltIn">
<doc>Pauses the test executed for the given time.</doc>
<arguments>
<arg>2s</arg>
</arguments>
<msg timestamp="20200618 21:15:53.328" level="INFO">Slept 2 seconds</msg>
<status status="PASS" starttime="20200618 21:15:51.327" endtime="20200618 21:15:53.329"></status>
</kw>
<kw name="Close Browser" library="SeleniumLibrary">
<doc>Closes the current browser.</doc>
<status status="PASS" starttime="20200618 21:15:53.329" endtime="20200618 21:15:55.787"></status>
</kw>
<doc>This test case performs the basic search</doc>
<tags>
<tag>Functional</tag>
</tags>
<status status="PASS" starttime="20200618 21:15:29.684" endtime="20200618 21:15:55.787" critical="yes"></status>
</test>
<doc>Basic WebElements Automation Robot Framework</doc>
<status status="PASS" starttime="20200618 21:15:29.463" endtime="20200618 21:15:55.788"></status>
</suite>
<status status="PASS" starttime="20200618 21:15:29.436" endtime="20200618 21:15:55.791"></status>
</suite>
<statistics>
<total>
<stat pass="1" fail="0">Critical Tests</stat>
<stat pass="1" fail="0">All Tests</stat>
</total>
<tag>
<stat pass="1" fail="0">Functional</stat>
</tag>
<suite>
<stat pass="1" fail="0" id="s1" name="Suites">Suites</stat>
<stat pass="1" fail="0" id="s1-s1" name="Souq Product Search2">Suites.Souq Product Search2</stat>
</suite>
</statistics>
<errors>
</errors>
</robot>
