<?xml version="1.0" encoding="UTF-8"?>
<robot generator="Robot 3.1.2 (Python 3.8.2 on win32)" generated="20200610 19:02:31.743" rpa="false">
<suite id="s1" name="Suites">
<suite id="s1-s1" name="Souq Product Search2" source="C:\Users\mohammad.shaikh\PycharmProjects\TestProject\Tests\Souq Product Search2.Robot">
<test id="s1-s1-t1" name="Verify basic search functionality">
<kw name="Open Browser" library="SeleniumLibrary">
<doc>Opens a new browser instance to the given ``url``.</doc>
<arguments>
<arg>https://saudi.souq.com/sa-en/</arg>
<arg>chrome</arg>
</arguments>
<msg timestamp="20200610 19:02:32.252" level="INFO">Opening browser 'chrome' to base url 'https://saudi.souq.com/sa-en/'.</msg>
<status status="PASS" starttime="20200610 19:02:32.252" endtime="20200610 19:02:46.452"></status>
</kw>
<kw name="Set Window Size" library="SeleniumLibrary">
<doc>Sets current windows size to given ``width`` and ``height``.</doc>
<arguments>
<arg>697</arg>
<arg>735</arg>
</arguments>
<status status="PASS" starttime="20200610 19:02:46.452" endtime="20200610 19:02:48.265"></status>
</kw>
<kw name="Set Window Position" library="SeleniumLibrary">
<doc>Sets window position using ``x`` and ``y`` coordinates.</doc>
<arguments>
<arg>637</arg>
<arg>0</arg>
</arguments>
<status status="PASS" starttime="20200610 19:02:48.265" endtime="20200610 19:02:49.247"></status>
</kw>
<kw name="Sleep" library="BuiltIn">
<doc>Pauses the test executed for the given time.</doc>
<arguments>
<arg>1s</arg>
</arguments>
<msg timestamp="20200610 19:02:50.250" level="INFO">Slept 1 second</msg>
<status status="PASS" starttime="20200610 19:02:49.247" endtime="20200610 19:02:50.250"></status>
</kw>
<kw name="Set Focus To Element" library="SeleniumLibrary">
<doc>Sets the focus to the element identified by ``locator``.</doc>
<arguments>
<arg>//input[@id='search_value']</arg>
</arguments>
<status status="PASS" starttime="20200610 19:02:50.250" endtime="20200610 19:02:51.128"></status>
</kw>
<kw name="Input Text" library="SeleniumLibrary">
<doc>Types the given ``text`` into the text field identified by ``locator``.</doc>
<arguments>
<arg>//input[@id='search_value']</arg>
<arg>Mac Book</arg>
</arguments>
<msg timestamp="20200610 19:02:51.130" level="INFO">Typing text 'Mac Book' into text field '//input[@id='search_value']'.</msg>
<status status="PASS" starttime="20200610 19:02:51.129" endtime="20200610 19:02:51.432"></status>
</kw>
<kw name="Click Element" library="SeleniumLibrary">
<doc>Click the element identified by ``locator``.</doc>
<arguments>
<arg>//button[@id='searchButton']</arg>
</arguments>
<msg timestamp="20200610 19:02:51.433" level="INFO">Clicking element '//button[@id='searchButton']'.</msg>
<status status="PASS" starttime="20200610 19:02:51.432" endtime="20200610 19:02:55.115"></status>
</kw>
<kw name="Sleep" library="BuiltIn">
<doc>Pauses the test executed for the given time.</doc>
<arguments>
<arg>1s</arg>
</arguments>
<msg timestamp="20200610 19:02:56.117" level="INFO">Slept 1 second</msg>
<status status="PASS" starttime="20200610 19:02:55.115" endtime="20200610 19:02:56.117"></status>
</kw>
<kw name="Set Focus To Element" library="SeleniumLibrary">
<doc>Sets the focus to the element identified by ``locator``.</doc>
<arguments>
<arg>//div[@class='row collapse content medium-up-1 tpl-append-results']//div[1]//div[2]//a[1]//h1[1]</arg>
</arguments>
<status status="PASS" starttime="20200610 19:02:56.118" endtime="20200610 19:02:57.627"></status>
</kw>
<kw name="Click Element" library="SeleniumLibrary">
<doc>Click the element identified by ``locator``.</doc>
<arguments>
<arg>//div[@class='row collapse content medium-up-1 tpl-append-results']//div[1]//div[2]//a[1]//h1[1]</arg>
</arguments>
<msg timestamp="20200610 19:02:57.627" level="INFO">Clicking element '//div[@class='row collapse content medium-up-1 tpl-append-results']//div[1]//div[2]//a[1]//h1[1]'.</msg>
<status status="PASS" starttime="20200610 19:02:57.627" endtime="20200610 19:03:02.130"></status>
</kw>
<kw name="Sleep" library="BuiltIn">
<doc>Pauses the test executed for the given time.</doc>
<arguments>
<arg>1s</arg>
</arguments>
<msg timestamp="20200610 19:03:03.132" level="INFO">Slept 1 second</msg>
<status status="PASS" starttime="20200610 19:03:02.130" endtime="20200610 19:03:03.132"></status>
</kw>
<kw name="Set Focus To Element" library="SeleniumLibrary">
<doc>Sets the focus to the element identified by ``locator``.</doc>
<arguments>
<arg>//input[contains(@class,'cta button green-button text-center add-to-cart-button for-single-item ')]</arg>
</arguments>
<status status="PASS" starttime="20200610 19:03:03.132" endtime="20200610 19:03:04.909"></status>
</kw>
<kw name="Click Element" library="SeleniumLibrary">
<doc>Click the element identified by ``locator``.</doc>
<arguments>
<arg>//input[contains(@class,'cta button green-button text-center add-to-cart-button for-single-item')]</arg>
</arguments>
<msg timestamp="20200610 19:03:04.909" level="INFO">Clicking element '//input[contains(@class,'cta button green-button text-center add-to-cart-button for-single-item')]'.</msg>
<status status="PASS" starttime="20200610 19:03:04.909" endtime="20200610 19:03:09.626"></status>
</kw>
<kw name="Sleep" library="BuiltIn">
<doc>Pauses the test executed for the given time.</doc>
<arguments>
<arg>3s</arg>
</arguments>
<msg timestamp="20200610 19:03:12.628" level="INFO">Slept 3 seconds</msg>
<status status="PASS" starttime="20200610 19:03:09.626" endtime="20200610 19:03:12.628"></status>
</kw>
<kw name="Close Browser" library="SeleniumLibrary">
<doc>Closes the current browser.</doc>
<status status="PASS" starttime="20200610 19:03:12.628" endtime="20200610 19:03:16.269"></status>
</kw>
<doc>This test case performs the basic search</doc>
<tags>
<tag>Functional</tag>
</tags>
<status status="PASS" starttime="20200610 19:02:32.251" endtime="20200610 19:03:16.269" critical="yes"></status>
</test>
<doc>Basic WebElements Automation Robot Framework</doc>
<status status="PASS" starttime="20200610 19:02:31.786" endtime="20200610 19:03:16.271"></status>
</suite>
<status status="PASS" starttime="20200610 19:02:31.745" endtime="20200610 19:03:16.275"></status>
</suite>
<statistics>
<total>
<stat pass="1" fail="0">Critical Tests</stat>
<stat pass="1" fail="0">All Tests</stat>
</total>
<tag>
<stat pass="1" fail="0">Functional</stat>
</tag>
<suite>
<stat pass="1" fail="0" id="s1" name="Suites">Suites</stat>
<stat pass="1" fail="0" id="s1-s1" name="Souq Product Search2">Suites.Souq Product Search2</stat>
</suite>
</statistics>
<errors>
</errors>
</robot>
